Connecting to database specified by database.yml
Connecting to database specified by database.yml
Connecting to database specified by database.yml
Connecting to database specified by database.yml
Connecting to database specified by database.yml
Connecting to database specified by database.yml
Connecting to database specified by database.yml
Connecting to database specified by database.yml
Connecting to database specified by database.yml
Connecting to database specified by database.yml
Connecting to database specified by database.yml
Connecting to database specified by database.yml
Connecting to database specified by database.yml
Connecting to database specified by database.yml
Connecting to database specified by database.yml
Connecting to database specified by database.yml
Connecting to database specified by database.yml
  [1m[36m (0.2ms)[0m  [1mselect sqlite_version(*)[0m
  [1m[35m (1.3ms)[0m  CREATE TABLE "schema_migrations" ("version" varchar(255) NOT NULL) 
  [1m[36m (0.9ms)[0m  [1mCREATE UNIQUE INDEX "unique_schema_migrations" ON "schema_migrations" ("version")[0m
  [1m[35m (1.3ms)[0m  SELECT "schema_migrations"."version" FROM "schema_migrations" 
Migrating to CreatePosts (20130802183545)
  [1m[36m (0.0ms)[0m  [1mbegin transaction[0m
  [1m[35m (0.5ms)[0m  CREATE TABLE "posts" ("id" INTEGER PRIMARY KEY AUTOINCREMENT NOT NULL, "title" varchar(255), "body" varchar(255), "image_url" varchar(255), "author_id" integer, "created_at" datetime NOT NULL, "updated_at" datetime NOT NULL) 
  [1m[36m (0.2ms)[0m  [1mCREATE INDEX "index_posts_on_author_id" ON "posts" ("author_id")[0m
  [1m[35m (0.2ms)[0m  INSERT INTO "schema_migrations" ("version") VALUES ('20130802183545')
  [1m[36m (1.0ms)[0m  [1mcommit transaction[0m
Migrating to CreateComments (20130802183942)
  [1m[35m (0.0ms)[0m  begin transaction
  [1m[36m (0.4ms)[0m  [1mCREATE TABLE "comments" ("id" INTEGER PRIMARY KEY AUTOINCREMENT NOT NULL, "body" varchar(255), "topic_id" integer, "parent_id" integer, "author_id" integer, "created_at" datetime NOT NULL, "updated_at" datetime NOT NULL) [0m
  [1m[35m (0.1ms)[0m  CREATE INDEX "index_comments_on_post_id" ON "comments" ("post_id")
SQLite3::SQLException: table comments has no column named post_id: CREATE  INDEX "index_comments_on_post_id" ON "comments" ("post_id")
  [1m[36m (20.1ms)[0m  [1mrollback transaction[0m
Connecting to database specified by database.yml
  [1m[36m (0.9ms)[0m  [1mSELECT "schema_migrations"."version" FROM "schema_migrations" [0m
Migrating to CreatePosts (20130802183545)
Migrating to CreateComments (20130802183942)
  [1m[35m (0.0ms)[0m  select sqlite_version(*)
  [1m[36m (0.0ms)[0m  [1mbegin transaction[0m
  [1m[35m (0.6ms)[0m  CREATE TABLE "comments" ("id" INTEGER PRIMARY KEY AUTOINCREMENT NOT NULL, "body" varchar(255), "topic_id" integer, "parent_id" integer, "author_id" integer, "created_at" datetime NOT NULL, "updated_at" datetime NOT NULL) 
  [1m[36m (0.2ms)[0m  [1mCREATE INDEX "index_comments_on_topic_id" ON "comments" ("topic_id")[0m
  [1m[35m (0.1ms)[0m  CREATE INDEX "index_comments_on_parent_id" ON "comments" ("parent_id")
  [1m[36m (0.1ms)[0m  [1mCREATE INDEX "index_comments_on_author_id" ON "comments" ("author_id")[0m
  [1m[35m (0.1ms)[0m  INSERT INTO "schema_migrations" ("version") VALUES ('20130802183942')
  [1m[36m (2.0ms)[0m  [1mcommit transaction[0m
Migrating to CreateUsers (20130802191845)
  [1m[35m (0.0ms)[0m  begin transaction
  [1m[36m (0.6ms)[0m  [1mCREATE TABLE "users" ("id" INTEGER PRIMARY KEY AUTOINCREMENT NOT NULL, "username" varchar(255), "password_digest" varchar(255), "admin" boolean, "avatar_url" varchar(255), "created_at" datetime NOT NULL, "updated_at" datetime NOT NULL) [0m
  [1m[35m (0.2ms)[0m  INSERT INTO "schema_migrations" ("version") VALUES ('20130802191845')
  [1m[36m (1.0ms)[0m  [1mcommit transaction[0m
  [1m[35m (0.2ms)[0m  SELECT "schema_migrations"."version" FROM "schema_migrations" 
Connecting to database specified by database.yml


Started GET "/assets/rails.png" for 127.0.0.1 at 2013-08-02 16:23:20 -0400
Served asset /rails.png - 200 OK (16ms)


Started GET "/" for 127.0.0.1 at 2013-08-02 16:24:03 -0400
Processing by RootController#index as HTML
ERROR: compiling _app_views_root_index_html_erb__1812694809169948729_70092676512680 RAISED /Users/appacademy/Desktop/DeevGamesDevelopment/app/views/root/index.html.erb:6: syntax error, unexpected keyword_ensure
/Users/appacademy/Desktop/DeevGamesDevelopment/app/views/root/index.html.erb:8: syntax error, unexpected keyword_end, expecting ')'
Function body:           def _app_views_root_index_html_erb__1812694809169948729_70092676512680(local_assigns, output_buffer)
            _old_virtual_path, @virtual_path = @virtual_path, "root/index";_old_output_buffer = @output_buffer;;@output_buffer = output_buffer || ActionView::OutputBuffer.new;@output_buffer.safe_concat('<p>Awesome, you\'re here!</p>
<p>Let\'s play some games!</p>

');@output_buffer.append= ( link_to "Sign Up", new_user_url );@output_buffer.safe_concat('
');@output_buffer.append= ( button_to "Play as guest", action: #newguest );@output_buffer.to_s
          ensure
            @virtual_path, @output_buffer = _old_virtual_path, _old_output_buffer
          end

Backtrace: /Users/appacademy/.rvm/gems/ruby-1.9.3-p392/gems/actionpack-3.2.13/lib/action_view/template.rb:297:in `module_eval'
/Users/appacademy/.rvm/gems/ruby-1.9.3-p392/gems/actionpack-3.2.13/lib/action_view/template.rb:297:in `compile'
/Users/appacademy/.rvm/gems/ruby-1.9.3-p392/gems/actionpack-3.2.13/lib/action_view/template.rb:244:in `block in compile!'
<internal:prelude>:10:in `synchronize'
/Users/appacademy/.rvm/gems/ruby-1.9.3-p392/gems/actionpack-3.2.13/lib/action_view/template.rb:232:in `compile!'
/Users/appacademy/.rvm/gems/ruby-1.9.3-p392/gems/actionpack-3.2.13/lib/action_view/template.rb:144:in `block in render'
/Users/appacademy/.rvm/gems/ruby-1.9.3-p392/gems/activesupport-3.2.13/lib/active_support/notifications.rb:125:in `instrument'
/Users/appacademy/.rvm/gems/ruby-1.9.3-p392/gems/actionpack-3.2.13/lib/action_view/template.rb:143:in `render'
/Users/appacademy/.rvm/gems/ruby-1.9.3-p392/gems/actionpack-3.2.13/lib/action_view/renderer/template_renderer.rb:47:in `block (2 levels) in render_template'
/Users/appacademy/.rvm/gems/ruby-1.9.3-p392/gems/actionpack-3.2.13/lib/action_view/renderer/abstract_renderer.rb:38:in `block in instrument'
/Users/appacademy/.rvm/gems/ruby-1.9.3-p392/gems/activesupport-3.2.13/lib/active_support/notifications.rb:123:in `block in instrument'
/Users/appacademy/.rvm/gems/ruby-1.9.3-p392/gems/activesupport-3.2.13/lib/active_support/notifications/instrumenter.rb:20:in `instrument'
/Users/appacademy/.rvm/gems/ruby-1.9.3-p392/gems/activesupport-3.2.13/lib/active_support/notifications.rb:123:in `instrument'
/Users/appacademy/.rvm/gems/ruby-1.9.3-p392/gems/actionpack-3.2.13/lib/action_view/renderer/abstract_renderer.rb:38:in `instrument'
/Users/appacademy/.rvm/gems/ruby-1.9.3-p392/gems/actionpack-3.2.13/lib/action_view/renderer/template_renderer.rb:46:in `block in render_template'
/Users/appacademy/.rvm/gems/ruby-1.9.3-p392/gems/actionpack-3.2.13/lib/action_view/renderer/template_renderer.rb:54:in `render_with_layout'
/Users/appacademy/.rvm/gems/ruby-1.9.3-p392/gems/actionpack-3.2.13/lib/action_view/renderer/template_renderer.rb:45:in `render_template'
/Users/appacademy/.rvm/gems/ruby-1.9.3-p392/gems/actionpack-3.2.13/lib/action_view/renderer/template_renderer.rb:18:in `render'
/Users/appacademy/.rvm/gems/ruby-1.9.3-p392/gems/actionpack-3.2.13/lib/action_view/renderer/renderer.rb:36:in `render_template'
/Users/appacademy/.rvm/gems/ruby-1.9.3-p392/gems/actionpack-3.2.13/lib/action_view/renderer/renderer.rb:17:in `render'
/Users/appacademy/.rvm/gems/ruby-1.9.3-p392/gems/actionpack-3.2.13/lib/abstract_controller/rendering.rb:110:in `_render_template'
/Users/appacademy/.rvm/gems/ruby-1.9.3-p392/gems/actionpack-3.2.13/lib/action_controller/metal/streaming.rb:225:in `_render_template'
/Users/appacademy/.rvm/gems/ruby-1.9.3-p392/gems/actionpack-3.2.13/lib/abstract_controller/rendering.rb:103:in `render_to_body'
/Users/appacademy/.rvm/gems/ruby-1.9.3-p392/gems/actionpack-3.2.13/lib/action_controller/metal/renderers.rb:28:in `render_to_body'
/Users/appacademy/.rvm/gems/ruby-1.9.3-p392/gems/actionpack-3.2.13/lib/action_controller/metal/compatibility.rb:50:in `render_to_body'
/Users/appacademy/.rvm/gems/ruby-1.9.3-p392/gems/actionpack-3.2.13/lib/abstract_controller/rendering.rb:88:in `render'
/Users/appacademy/.rvm/gems/ruby-1.9.3-p392/gems/actionpack-3.2.13/lib/action_controller/metal/rendering.rb:16:in `render'
/Users/appacademy/.rvm/gems/ruby-1.9.3-p392/gems/actionpack-3.2.13/lib/action_controller/metal/instrumentation.rb:40:in `block (2 levels) in render'
/Users/appacademy/.rvm/gems/ruby-1.9.3-p392/gems/activesupport-3.2.13/lib/active_support/core_ext/benchmark.rb:5:in `block in ms'
/Users/appacademy/.rvm/rubies/ruby-1.9.3-p392/lib/ruby/1.9.1/benchmark.rb:295:in `realtime'
/Users/appacademy/.rvm/gems/ruby-1.9.3-p392/gems/activesupport-3.2.13/lib/active_support/core_ext/benchmark.rb:5:in `ms'
/Users/appacademy/.rvm/gems/ruby-1.9.3-p392/gems/actionpack-3.2.13/lib/action_controller/metal/instrumentation.rb:40:in `block in render'
/Users/appacademy/.rvm/gems/ruby-1.9.3-p392/gems/actionpack-3.2.13/lib/action_controller/metal/instrumentation.rb:83:in `cleanup_view_runtime'
/Users/appacademy/.rvm/gems/ruby-1.9.3-p392/gems/activerecord-3.2.13/lib/active_record/railties/controller_runtime.rb:24:in `cleanup_view_runtime'
/Users/appacademy/.rvm/gems/ruby-1.9.3-p392/gems/actionpack-3.2.13/lib/action_controller/metal/instrumentation.rb:39:in `render'
/Users/appacademy/.rvm/gems/ruby-1.9.3-p392/gems/actionpack-3.2.13/lib/action_controller/metal/implicit_render.rb:10:in `default_render'
/Users/appacademy/.rvm/gems/ruby-1.9.3-p392/gems/actionpack-3.2.13/lib/action_controller/metal/implicit_render.rb:5:in `send_action'
/Users/appacademy/.rvm/gems/ruby-1.9.3-p392/gems/actionpack-3.2.13/lib/abstract_controller/base.rb:167:in `process_action'
/Users/appacademy/.rvm/gems/ruby-1.9.3-p392/gems/actionpack-3.2.13/lib/action_controller/metal/rendering.rb:10:in `process_action'
/Users/appacademy/.rvm/gems/ruby-1.9.3-p392/gems/actionpack-3.2.13/lib/abstract_controller/callbacks.rb:18:in `block in process_action'
/Users/appacademy/.rvm/gems/ruby-1.9.3-p392/gems/activesupport-3.2.13/lib/active_support/callbacks.rb:414:in `_run__1564999981822690029__process_action__3788932350276995543__callbacks'
/Users/appacademy/.rvm/gems/ruby-1.9.3-p392/gems/activesupport-3.2.13/lib/active_support/callbacks.rb:405:in `__run_callback'
/Users/appacademy/.rvm/gems/ruby-1.9.3-p392/gems/activesupport-3.2.13/lib/active_support/callbacks.rb:385:in `_run_process_action_callbacks'
/Users/appacademy/.rvm/gems/ruby-1.9.3-p392/gems/activesupport-3.2.13/lib/active_support/callbacks.rb:81:in `run_callbacks'
/Users/appacademy/.rvm/gems/ruby-1.9.3-p392/gems/actionpack-3.2.13/lib/abstract_controller/callbacks.rb:17:in `process_action'
/Users/appacademy/.rvm/gems/ruby-1.9.3-p392/gems/actionpack-3.2.13/lib/action_controller/metal/rescue.rb:29:in `process_action'
/Users/appacademy/.rvm/gems/ruby-1.9.3-p392/gems/actionpack-3.2.13/lib/action_controller/metal/instrumentation.rb:30:in `block in process_action'
/Users/appacademy/.rvm/gems/ruby-1.9.3-p392/gems/activesupport-3.2.13/lib/active_support/notifications.rb:123:in `block in instrument'
/Users/appacademy/.rvm/gems/ruby-1.9.3-p392/gems/activesupport-3.2.13/lib/active_support/notifications/instrumenter.rb:20:in `instrument'
/Users/appacademy/.rvm/gems/ruby-1.9.3-p392/gems/activesupport-3.2.13/lib/active_support/notifications.rb:123:in `instrument'
/Users/appacademy/.rvm/gems/ruby-1.9.3-p392/gems/actionpack-3.2.13/lib/action_controller/metal/instrumentation.rb:29:in `process_action'
/Users/appacademy/.rvm/gems/ruby-1.9.3-p392/gems/actionpack-3.2.13/lib/action_controller/metal/params_wrapper.rb:207:in `process_action'
/Users/appacademy/.rvm/gems/ruby-1.9.3-p392/gems/activerecord-3.2.13/lib/active_record/railties/controller_runtime.rb:18:in `process_action'
/Users/appacademy/.rvm/gems/ruby-1.9.3-p392/gems/actionpack-3.2.13/lib/abstract_controller/base.rb:121:in `process'
/Users/appacademy/.rvm/gems/ruby-1.9.3-p392/gems/actionpack-3.2.13/lib/abstract_controller/rendering.rb:45:in `process'
/Users/appacademy/.rvm/gems/ruby-1.9.3-p392/gems/actionpack-3.2.13/lib/action_controller/metal.rb:203:in `dispatch'
/Users/appacademy/.rvm/gems/ruby-1.9.3-p392/gems/actionpack-3.2.13/lib/action_controller/metal/rack_delegation.rb:14:in `dispatch'
/Users/appacademy/.rvm/gems/ruby-1.9.3-p392/gems/actionpack-3.2.13/lib/action_controller/metal.rb:246:in `block in action'
/Users/appacademy/.rvm/gems/ruby-1.9.3-p392/gems/actionpack-3.2.13/lib/action_dispatch/routing/route_set.rb:73:in `call'
/Users/appacademy/.rvm/gems/ruby-1.9.3-p392/gems/actionpack-3.2.13/lib/action_dispatch/routing/route_set.rb:73:in `dispatch'
/Users/appacademy/.rvm/gems/ruby-1.9.3-p392/gems/actionpack-3.2.13/lib/action_dispatch/routing/route_set.rb:36:in `call'
/Users/appacademy/.rvm/gems/ruby-1.9.3-p392/gems/journey-1.0.4/lib/journey/router.rb:68:in `block in call'
/Users/appacademy/.rvm/gems/ruby-1.9.3-p392/gems/journey-1.0.4/lib/journey/router.rb:56:in `each'
/Users/appacademy/.rvm/gems/ruby-1.9.3-p392/gems/journey-1.0.4/lib/journey/router.rb:56:in `call'
/Users/appacademy/.rvm/gems/ruby-1.9.3-p392/gems/actionpack-3.2.13/lib/action_dispatch/routing/route_set.rb:612:in `call'
/Users/appacademy/.rvm/gems/ruby-1.9.3-p392/gems/actionpack-3.2.13/lib/action_dispatch/middleware/best_standards_support.rb:17:in `call'
/Users/appacademy/.rvm/gems/ruby-1.9.3-p392/gems/rack-1.4.5/lib/rack/etag.rb:23:in `call'
/Users/appacademy/.rvm/gems/ruby-1.9.3-p392/gems/rack-1.4.5/lib/rack/conditionalget.rb:25:in `call'
/Users/appacademy/.rvm/gems/ruby-1.9.3-p392/gems/actionpack-3.2.13/lib/action_dispatch/middleware/head.rb:14:in `call'
/Users/appacademy/.rvm/gems/ruby-1.9.3-p392/gems/actionpack-3.2.13/lib/action_dispatch/middleware/params_parser.rb:21:in `call'
/Users/appacademy/.rvm/gems/ruby-1.9.3-p392/gems/actionpack-3.2.13/lib/action_dispatch/middleware/flash.rb:242:in `call'
/Users/appacademy/.rvm/gems/ruby-1.9.3-p392/gems/rack-1.4.5/lib/rack/session/abstract/id.rb:210:in `context'
/Users/appacademy/.rvm/gems/ruby-1.9.3-p392/gems/rack-1.4.5/lib/rack/session/abstract/id.rb:205:in `call'
/Users/appacademy/.rvm/gems/ruby-1.9.3-p392/gems/actionpack-3.2.13/lib/action_dispatch/middleware/cookies.rb:341:in `call'
/Users/appacademy/.rvm/gems/ruby-1.9.3-p392/gems/activerecord-3.2.13/lib/active_record/query_cache.rb:64:in `call'
/Users/appacademy/.rvm/gems/ruby-1.9.3-p392/gems/activerecord-3.2.13/lib/active_record/connection_adapters/abstract/connection_pool.rb:479:in `call'
/Users/appacademy/.rvm/gems/ruby-1.9.3-p392/gems/actionpack-3.2.13/lib/action_dispatch/middleware/callbacks.rb:28:in `block in call'
/Users/appacademy/.rvm/gems/ruby-1.9.3-p392/gems/activesupport-3.2.13/lib/active_support/callbacks.rb:405:in `_run__2690398143581345630__call__4081965015501210567__callbacks'
/Users/appacademy/.rvm/gems/ruby-1.9.3-p392/gems/activesupport-3.2.13/lib/active_support/callbacks.rb:405:in `__run_callback'
/Users/appacademy/.rvm/gems/ruby-1.9.3-p392/gems/activesupport-3.2.13/lib/active_support/callbacks.rb:385:in `_run_call_callbacks'
/Users/appacademy/.rvm/gems/ruby-1.9.3-p392/gems/activesupport-3.2.13/lib/active_support/callbacks.rb:81:in `run_callbacks'
/Users/appacademy/.rvm/gems/ruby-1.9.3-p392/gems/actionpack-3.2.13/lib/action_dispatch/middleware/callbacks.rb:27:in `call'
/Users/appacademy/.rvm/gems/ruby-1.9.3-p392/gems/actionpack-3.2.13/lib/action_dispatch/middleware/reloader.rb:65:in `call'
/Users/appacademy/.rvm/gems/ruby-1.9.3-p392/gems/actionpack-3.2.13/lib/action_dispatch/middleware/remote_ip.rb:31:in `call'
/Users/appacademy/.rvm/gems/ruby-1.9.3-p392/gems/actionpack-3.2.13/lib/action_dispatch/middleware/debug_exceptions.rb:16:in `call'
/Users/appacademy/.rvm/gems/ruby-1.9.3-p392/gems/actionpack-3.2.13/lib/action_dispatch/middleware/show_exceptions.rb:56:in `call'
/Users/appacademy/.rvm/gems/ruby-1.9.3-p392/gems/railties-3.2.13/lib/rails/rack/logger.rb:32:in `call_app'
/Users/appacademy/.rvm/gems/ruby-1.9.3-p392/gems/railties-3.2.13/lib/rails/rack/logger.rb:16:in `block in call'
/Users/appacademy/.rvm/gems/ruby-1.9.3-p392/gems/activesupport-3.2.13/lib/active_support/tagged_logging.rb:22:in `tagged'
/Users/appacademy/.rvm/gems/ruby-1.9.3-p392/gems/railties-3.2.13/lib/rails/rack/logger.rb:16:in `call'
/Users/appacademy/.rvm/gems/ruby-1.9.3-p392/gems/actionpack-3.2.13/lib/action_dispatch/middleware/request_id.rb:22:in `call'
/Users/appacademy/.rvm/gems/ruby-1.9.3-p392/gems/rack-1.4.5/lib/rack/methodoverride.rb:21:in `call'
/Users/appacademy/.rvm/gems/ruby-1.9.3-p392/gems/rack-1.4.5/lib/rack/runtime.rb:17:in `call'
/Users/appacademy/.rvm/gems/ruby-1.9.3-p392/gems/activesupport-3.2.13/lib/active_support/cache/strategy/local_cache.rb:72:in `call'
/Users/appacademy/.rvm/gems/ruby-1.9.3-p392/gems/rack-1.4.5/lib/rack/lock.rb:15:in `call'
/Users/appacademy/.rvm/gems/ruby-1.9.3-p392/gems/actionpack-3.2.13/lib/action_dispatch/middleware/static.rb:63:in `call'
/Users/appacademy/.rvm/gems/ruby-1.9.3-p392/gems/railties-3.2.13/lib/rails/engine.rb:479:in `call'
/Users/appacademy/.rvm/gems/ruby-1.9.3-p392/gems/railties-3.2.13/lib/rails/application.rb:223:in `call'
/Users/appacademy/.rvm/gems/ruby-1.9.3-p392/gems/rack-1.4.5/lib/rack/content_length.rb:14:in `call'
/Users/appacademy/.rvm/gems/ruby-1.9.3-p392/gems/railties-3.2.13/lib/rails/rack/log_tailer.rb:17:in `call'
/Users/appacademy/.rvm/gems/ruby-1.9.3-p392/gems/rack-1.4.5/lib/rack/handler/webrick.rb:59:in `service'
/Users/appacademy/.rvm/rubies/ruby-1.9.3-p392/lib/ruby/1.9.1/webrick/httpserver.rb:138:in `service'
/Users/appacademy/.rvm/rubies/ruby-1.9.3-p392/lib/ruby/1.9.1/webrick/httpserver.rb:94:in `run'
/Users/appacademy/.rvm/rubies/ruby-1.9.3-p392/lib/ruby/1.9.1/webrick/server.rb:191:in `block in start_thread'
  Rendered root/index.html.erb within layouts/application (3.9ms)
Completed 500 Internal Server Error in 21ms

ActionView::Template::Error (/Users/appacademy/Desktop/DeevGamesDevelopment/app/views/root/index.html.erb:6: syntax error, unexpected keyword_ensure
/Users/appacademy/Desktop/DeevGamesDevelopment/app/views/root/index.html.erb:8: syntax error, unexpected keyword_end, expecting ')'):
    3: 
    4: <%= link_to "Sign Up", new_user_url %>
    5: <%= button_to "Play as guest", action: #newguest %>
  actionpack (3.2.13) lib/action_view/template.rb:297:in `module_eval'
  actionpack (3.2.13) lib/action_view/template.rb:297:in `compile'
  actionpack (3.2.13) lib/action_view/template.rb:244:in `block in compile!'
  <internal:prelude>:10:in `synchronize'
  actionpack (3.2.13) lib/action_view/template.rb:232:in `compile!'
  actionpack (3.2.13) lib/action_view/template.rb:144:in `block in render'
  activesupport (3.2.13) lib/active_support/notifications.rb:125:in `instrument'
  actionpack (3.2.13) lib/action_view/template.rb:143:in `render'
  actionpack (3.2.13) lib/action_view/renderer/template_renderer.rb:47:in `block (2 levels) in render_template'
  actionpack (3.2.13) lib/action_view/renderer/abstract_renderer.rb:38:in `block in instrument'
  activesupport (3.2.13) lib/active_support/notifications.rb:123:in `block in instrument'
  activesupport (3.2.13) lib/active_support/notifications/instrumenter.rb:20:in `instrument'
  activesupport (3.2.13) lib/active_support/notifications.rb:123:in `instrument'
  actionpack (3.2.13) lib/action_view/renderer/abstract_renderer.rb:38:in `instrument'
  actionpack (3.2.13) lib/action_view/renderer/template_renderer.rb:46:in `block in render_template'
  actionpack (3.2.13) lib/action_view/renderer/template_renderer.rb:54:in `render_with_layout'
  actionpack (3.2.13) lib/action_view/renderer/template_renderer.rb:45:in `render_template'
  actionpack (3.2.13) lib/action_view/renderer/template_renderer.rb:18:in `render'
  actionpack (3.2.13) lib/action_view/renderer/renderer.rb:36:in `render_template'
  actionpack (3.2.13) lib/action_view/renderer/renderer.rb:17:in `render'
  actionpack (3.2.13) lib/abstract_controller/rendering.rb:110:in `_render_template'
  actionpack (3.2.13) lib/action_controller/metal/streaming.rb:225:in `_render_template'
  actionpack (3.2.13) lib/abstract_controller/rendering.rb:103:in `render_to_body'
  actionpack (3.2.13) lib/action_controller/metal/renderers.rb:28:in `render_to_body'
  actionpack (3.2.13) lib/action_controller/metal/compatibility.rb:50:in `render_to_body'
  actionpack (3.2.13) lib/abstract_controller/rendering.rb:88:in `render'
  actionpack (3.2.13) lib/action_controller/metal/rendering.rb:16:in `render'
  actionpack (3.2.13) lib/action_controller/metal/instrumentation.rb:40:in `block (2 levels) in render'
  activesupport (3.2.13) lib/active_support/core_ext/benchmark.rb:5:in `block in ms'
  /Users/appacademy/.rvm/rubies/ruby-1.9.3-p392/lib/ruby/1.9.1/benchmark.rb:295:in `realtime'
  activesupport (3.2.13) lib/active_support/core_ext/benchmark.rb:5:in `ms'
  actionpack (3.2.13) lib/action_controller/metal/instrumentation.rb:40:in `block in render'
  actionpack (3.2.13) lib/action_controller/metal/instrumentation.rb:83:in `cleanup_view_runtime'
  activerecord (3.2.13) lib/active_record/railties/controller_runtime.rb:24:in `cleanup_view_runtime'
  actionpack (3.2.13) lib/action_controller/metal/instrumentation.rb:39:in `render'
  actionpack (3.2.13) lib/action_controller/metal/implicit_render.rb:10:in `default_render'
  actionpack (3.2.13) lib/action_controller/metal/implicit_render.rb:5:in `send_action'
  actionpack (3.2.13) lib/abstract_controller/base.rb:167:in `process_action'
  actionpack (3.2.13) lib/action_controller/metal/rendering.rb:10:in `process_action'
  actionpack (3.2.13) lib/abstract_controller/callbacks.rb:18:in `block in process_action'
  activesupport (3.2.13) lib/active_support/callbacks.rb:414:in `_run__1564999981822690029__process_action__3788932350276995543__callbacks'
  activesupport (3.2.13) lib/active_support/callbacks.rb:405:in `__run_callback'
  activesupport (3.2.13) lib/active_support/callbacks.rb:385:in `_run_process_action_callbacks'
  activesupport (3.2.13) lib/active_support/callbacks.rb:81:in `run_callbacks'
  actionpack (3.2.13) lib/abstract_controller/callbacks.rb:17:in `process_action'
  actionpack (3.2.13) lib/action_controller/metal/rescue.rb:29:in `process_action'
  actionpack (3.2.13) lib/action_controller/metal/instrumentation.rb:30:in `block in process_action'
  activesupport (3.2.13) lib/active_support/notifications.rb:123:in `block in instrument'
  activesupport (3.2.13) lib/active_support/notifications/instrumenter.rb:20:in `instrument'
  activesupport (3.2.13) lib/active_support/notifications.rb:123:in `instrument'
  actionpack (3.2.13) lib/action_controller/metal/instrumentation.rb:29:in `process_action'
  actionpack (3.2.13) lib/action_controller/metal/params_wrapper.rb:207:in `process_action'
  activerecord (3.2.13) lib/active_record/railties/controller_runtime.rb:18:in `process_action'
  actionpack (3.2.13) lib/abstract_controller/base.rb:121:in `process'
  actionpack (3.2.13) lib/abstract_controller/rendering.rb:45:in `process'
  actionpack (3.2.13) lib/action_controller/metal.rb:203:in `dispatch'
  actionpack (3.2.13) lib/action_controller/metal/rack_delegation.rb:14:in `dispatch'
  actionpack (3.2.13) lib/action_controller/metal.rb:246:in `block in action'
  actionpack (3.2.13) lib/action_dispatch/routing/route_set.rb:73:in `call'
  actionpack (3.2.13) lib/action_dispatch/routing/route_set.rb:73:in `dispatch'
  actionpack (3.2.13) lib/action_dispatch/routing/route_set.rb:36:in `call'
  journey (1.0.4) lib/journey/router.rb:68:in `block in call'
  journey (1.0.4) lib/journey/router.rb:56:in `each'
  journey (1.0.4) lib/journey/router.rb:56:in `call'
  actionpack (3.2.13) lib/action_dispatch/routing/route_set.rb:612:in `call'
  actionpack (3.2.13) lib/action_dispatch/middleware/best_standards_support.rb:17:in `call'
  rack (1.4.5) lib/rack/etag.rb:23:in `call'
  rack (1.4.5) lib/rack/conditionalget.rb:25:in `call'
  actionpack (3.2.13) lib/action_dispatch/middleware/head.rb:14:in `call'
  actionpack (3.2.13) lib/action_dispatch/middleware/params_parser.rb:21:in `call'
  actionpack (3.2.13) lib/action_dispatch/middleware/flash.rb:242:in `call'
  rack (1.4.5) lib/rack/session/abstract/id.rb:210:in `context'
  rack (1.4.5) lib/rack/session/abstract/id.rb:205:in `call'
  actionpack (3.2.13) lib/action_dispatch/middleware/cookies.rb:341:in `call'
  activerecord (3.2.13) lib/active_record/query_cache.rb:64:in `call'
  activerecord (3.2.13) lib/active_record/connection_adapters/abstract/connection_pool.rb:479:in `call'
  actionpack (3.2.13) lib/action_dispatch/middleware/callbacks.rb:28:in `block in call'
  activesupport (3.2.13) lib/active_support/callbacks.rb:405:in `_run__2690398143581345630__call__4081965015501210567__callbacks'
  activesupport (3.2.13) lib/active_support/callbacks.rb:405:in `__run_callback'
  activesupport (3.2.13) lib/active_support/callbacks.rb:385:in `_run_call_callbacks'
  activesupport (3.2.13) lib/active_support/callbacks.rb:81:in `run_callbacks'
  actionpack (3.2.13) lib/action_dispatch/middleware/callbacks.rb:27:in `call'
  actionpack (3.2.13) lib/action_dispatch/middleware/reloader.rb:65:in `call'
  actionpack (3.2.13) lib/action_dispatch/middleware/remote_ip.rb:31:in `call'
  actionpack (3.2.13) lib/action_dispatch/middleware/debug_exceptions.rb:16:in `call'
  actionpack (3.2.13) lib/action_dispatch/middleware/show_exceptions.rb:56:in `call'
  railties (3.2.13) lib/rails/rack/logger.rb:32:in `call_app'
  railties (3.2.13) lib/rails/rack/logger.rb:16:in `block in call'
  activesupport (3.2.13) lib/active_support/tagged_logging.rb:22:in `tagged'
  railties (3.2.13) lib/rails/rack/logger.rb:16:in `call'
  actionpack (3.2.13) lib/action_dispatch/middleware/request_id.rb:22:in `call'
  rack (1.4.5) lib/rack/methodoverride.rb:21:in `call'
  rack (1.4.5) lib/rack/runtime.rb:17:in `call'
  activesupport (3.2.13) lib/active_support/cache/strategy/local_cache.rb:72:in `call'
  rack (1.4.5) lib/rack/lock.rb:15:in `call'
  actionpack (3.2.13) lib/action_dispatch/middleware/static.rb:63:in `call'
  railties (3.2.13) lib/rails/engine.rb:479:in `call'
  railties (3.2.13) lib/rails/application.rb:223:in `call'
  rack (1.4.5) lib/rack/content_length.rb:14:in `call'
  railties (3.2.13) lib/rails/rack/log_tailer.rb:17:in `call'
  rack (1.4.5) lib/rack/handler/webrick.rb:59:in `service'
  /Users/appacademy/.rvm/rubies/ruby-1.9.3-p392/lib/ruby/1.9.1/webrick/httpserver.rb:138:in `service'
  /Users/appacademy/.rvm/rubies/ruby-1.9.3-p392/lib/ruby/1.9.1/webrick/httpserver.rb:94:in `run'
  /Users/appacademy/.rvm/rubies/ruby-1.9.3-p392/lib/ruby/1.9.1/webrick/server.rb:191:in `block in start_thread'


  Rendered /Users/appacademy/.rvm/gems/ruby-1.9.3-p392/gems/actionpack-3.2.13/lib/action_dispatch/middleware/templates/rescues/_trace.erb (1.3ms)
  Rendered /Users/appacademy/.rvm/gems/ruby-1.9.3-p392/gems/actionpack-3.2.13/lib/action_dispatch/middleware/templates/rescues/_request_and_response.erb (0.9ms)
  Rendered /Users/appacademy/.rvm/gems/ruby-1.9.3-p392/gems/actionpack-3.2.13/lib/action_dispatch/middleware/templates/rescues/template_error.erb within rescues/layout (11.5ms)


Started GET "/" for 127.0.0.1 at 2013-08-02 16:25:42 -0400
Processing by RootController#index as HTML
  Rendered root/index.html.erb within layouts/application (0.7ms)
Compiled comments.css  (26ms)  (pid 12200)
Compiled posts.css  (1ms)  (pid 12200)
Compiled root.css  (1ms)  (pid 12200)
Compiled application.css  (68ms)  (pid 12200)
Compiled jquery.js  (3ms)  (pid 12200)
Compiled jquery_ujs.js  (0ms)  (pid 12200)
Compiled comments.js  (0ms)  (pid 12200)
Compiled posts.js  (0ms)  (pid 12200)
Compiled root.js  (0ms)  (pid 12200)
Compiled application.js  (94ms)  (pid 12200)
Completed 500 Internal Server Error in 241ms

ActionView::Template::Error (Missing partial root/header, application/header with {:locale=>[:en], :formats=>[:html], :handlers=>[:erb, :builder]}. Searched in:
  * "/Users/appacademy/Desktop/DeevGamesDevelopment/app/views"
):
    8: </head>
    9: <body>
    10: 
    11: <%= render "header" %>
    12: 
    13: <%= yield %>
    14: 
  app/views/layouts/application.html.erb:11:in `_app_views_layouts_application_html_erb___1228299011740668898_70092677143060'


  Rendered /Users/appacademy/.rvm/gems/ruby-1.9.3-p392/gems/actionpack-3.2.13/lib/action_dispatch/middleware/templates/rescues/_trace.erb (1.0ms)
  Rendered /Users/appacademy/.rvm/gems/ruby-1.9.3-p392/gems/actionpack-3.2.13/lib/action_dispatch/middleware/templates/rescues/_request_and_response.erb (0.8ms)
  Rendered /Users/appacademy/.rvm/gems/ruby-1.9.3-p392/gems/actionpack-3.2.13/lib/action_dispatch/middleware/templates/rescues/template_error.erb within rescues/layout (6.0ms)


Started GET "/" for 127.0.0.1 at 2013-08-02 16:26:08 -0400
Processing by RootController#index as HTML
  Rendered root/index.html.erb within layouts/application (0.4ms)
  Rendered layouts/_header.html.erb (0.8ms)
  Rendered layouts/_footer.html.erb (0.3ms)
Completed 200 OK in 13ms (Views: 12.9ms | ActiveRecord: 0.0ms)


Started GET "/assets/application.css?body=1" for 127.0.0.1 at 2013-08-02 16:26:08 -0400
Served asset /application.css - 304 Not Modified (7ms)


Started GET "/assets/comments.css?body=1" for 127.0.0.1 at 2013-08-02 16:26:08 -0400
Served asset /comments.css - 200 OK (1ms)


Started GET "/assets/posts.css?body=1" for 127.0.0.1 at 2013-08-02 16:26:08 -0400
Served asset /posts.css - 304 Not Modified (1ms)


Started GET "/assets/jquery.js?body=1" for 127.0.0.1 at 2013-08-02 16:26:08 -0400
Served asset /jquery.js - 200 OK (25ms)


Started GET "/assets/root.css?body=1" for 127.0.0.1 at 2013-08-02 16:26:08 -0400
Served asset /root.css - 200 OK (1ms)


Started GET "/assets/jquery_ujs.js?body=1" for 127.0.0.1 at 2013-08-02 16:26:08 -0400
Served asset /jquery_ujs.js - 200 OK (1ms)


Started GET "/assets/posts.js?body=1" for 127.0.0.1 at 2013-08-02 16:26:08 -0400
Served asset /posts.js - 200 OK (1ms)


Started GET "/assets/comments.js?body=1" for 127.0.0.1 at 2013-08-02 16:26:08 -0400
Served asset /comments.js - 200 OK (1ms)


Started GET "/assets/root.js?body=1" for 127.0.0.1 at 2013-08-02 16:26:08 -0400
Served asset /root.js - 200 OK (1ms)


Started GET "/assets/application.js?body=1" for 127.0.0.1 at 2013-08-02 16:26:08 -0400
Served asset /application.js - 200 OK (6ms)


Started GET "/" for 127.0.0.1 at 2013-08-02 16:27:28 -0400
Processing by RootController#index as HTML
  Rendered root/index.html.erb within layouts/application (0.3ms)
  Rendered layouts/_header.html.erb (0.3ms)
  Rendered layouts/_footer.html.erb (0.6ms)
Completed 200 OK in 12ms (Views: 11.4ms | ActiveRecord: 0.0ms)


Started GET "/assets/application.css?body=1" for 127.0.0.1 at 2013-08-02 16:27:29 -0400
Served asset /application.css - 304 Not Modified (0ms)


Started GET "/assets/jquery.js?body=1" for 127.0.0.1 at 2013-08-02 16:27:29 -0400
Served asset /jquery.js - 304 Not Modified (0ms)


Started GET "/assets/comments.css?body=1" for 127.0.0.1 at 2013-08-02 16:27:29 -0400
Served asset /comments.css - 304 Not Modified (0ms)


Started GET "/assets/posts.css?body=1" for 127.0.0.1 at 2013-08-02 16:27:29 -0400
Served asset /posts.css - 304 Not Modified (0ms)


Started GET "/assets/root.css?body=1" for 127.0.0.1 at 2013-08-02 16:27:29 -0400
Served asset /root.css - 304 Not Modified (0ms)


Started GET "/assets/comments.js?body=1" for 127.0.0.1 at 2013-08-02 16:27:29 -0400
Served asset /comments.js - 304 Not Modified (0ms)


Started GET "/assets/jquery_ujs.js?body=1" for 127.0.0.1 at 2013-08-02 16:27:29 -0400
Served asset /jquery_ujs.js - 304 Not Modified (0ms)


Started GET "/assets/posts.js?body=1" for 127.0.0.1 at 2013-08-02 16:27:29 -0400
Served asset /posts.js - 304 Not Modified (0ms)


Started GET "/assets/root.js?body=1" for 127.0.0.1 at 2013-08-02 16:27:29 -0400
Served asset /root.js - 304 Not Modified (0ms)


Started GET "/assets/application.js?body=1" for 127.0.0.1 at 2013-08-02 16:27:29 -0400
Served asset /application.js - 304 Not Modified (0ms)


Started GET "/" for 127.0.0.1 at 2013-08-02 16:28:15 -0400
Processing by RootController#index as HTML
  Rendered root/index.html.erb within layouts/application (0.3ms)
  Rendered layouts/_header.html.erb (0.2ms)
  Rendered layouts/_footer.html.erb (0.4ms)
Completed 200 OK in 12ms (Views: 11.9ms | ActiveRecord: 0.0ms)


Started GET "/assets/application.css?body=1" for 127.0.0.1 at 2013-08-02 16:28:15 -0400
Served asset /application.css - 304 Not Modified (0ms)


Started GET "/assets/comments.css?body=1" for 127.0.0.1 at 2013-08-02 16:28:15 -0400
Served asset /comments.css - 304 Not Modified (0ms)


Started GET "/assets/jquery.js?body=1" for 127.0.0.1 at 2013-08-02 16:28:15 -0400
Served asset /jquery.js - 304 Not Modified (0ms)


Started GET "/assets/posts.css?body=1" for 127.0.0.1 at 2013-08-02 16:28:15 -0400
Served asset /posts.css - 304 Not Modified (0ms)


Started GET "/assets/root.css?body=1" for 127.0.0.1 at 2013-08-02 16:28:15 -0400
Served asset /root.css - 304 Not Modified (0ms)


Started GET "/assets/jquery_ujs.js?body=1" for 127.0.0.1 at 2013-08-02 16:28:15 -0400
Served asset /jquery_ujs.js - 304 Not Modified (0ms)


Started GET "/assets/comments.js?body=1" for 127.0.0.1 at 2013-08-02 16:28:15 -0400
Served asset /comments.js - 304 Not Modified (0ms)


Started GET "/assets/posts.js?body=1" for 127.0.0.1 at 2013-08-02 16:28:15 -0400
Served asset /posts.js - 304 Not Modified (0ms)


Started GET "/assets/root.js?body=1" for 127.0.0.1 at 2013-08-02 16:28:15 -0400
Served asset /root.js - 304 Not Modified (0ms)


Started GET "/assets/application.js?body=1" for 127.0.0.1 at 2013-08-02 16:28:15 -0400
Served asset /application.js - 304 Not Modified (0ms)


Started GET "/" for 127.0.0.1 at 2013-08-02 16:28:40 -0400
Processing by RootController#index as HTML
  Rendered root/index.html.erb within layouts/application (0.3ms)
  Rendered layouts/_header.html.erb (0.3ms)
  Rendered layouts/_footer.html.erb (0.4ms)
Completed 200 OK in 14ms (Views: 13.7ms | ActiveRecord: 0.0ms)


Started GET "/assets/application.css?body=1" for 127.0.0.1 at 2013-08-02 16:28:40 -0400
Served asset /application.css - 304 Not Modified (0ms)


Started GET "/assets/comments.css?body=1" for 127.0.0.1 at 2013-08-02 16:28:41 -0400
Served asset /comments.css - 304 Not Modified (0ms)


Started GET "/assets/posts.css?body=1" for 127.0.0.1 at 2013-08-02 16:28:41 -0400
Served asset /posts.css - 304 Not Modified (0ms)


Started GET "/assets/jquery.js?body=1" for 127.0.0.1 at 2013-08-02 16:28:41 -0400
Served asset /jquery.js - 304 Not Modified (0ms)


Started GET "/assets/jquery_ujs.js?body=1" for 127.0.0.1 at 2013-08-02 16:28:41 -0400
Served asset /jquery_ujs.js - 304 Not Modified (0ms)


Started GET "/assets/root.css?body=1" for 127.0.0.1 at 2013-08-02 16:28:41 -0400
Served asset /root.css - 304 Not Modified (0ms)


Started GET "/assets/comments.js?body=1" for 127.0.0.1 at 2013-08-02 16:28:41 -0400
Served asset /comments.js - 304 Not Modified (0ms)


Started GET "/assets/posts.js?body=1" for 127.0.0.1 at 2013-08-02 16:28:41 -0400
Served asset /posts.js - 304 Not Modified (0ms)


Started GET "/assets/root.js?body=1" for 127.0.0.1 at 2013-08-02 16:28:41 -0400
Served asset /root.js - 304 Not Modified (0ms)


Started GET "/assets/application.js?body=1" for 127.0.0.1 at 2013-08-02 16:28:41 -0400
Served asset /application.js - 304 Not Modified (0ms)


Started GET "/" for 127.0.0.1 at 2013-08-02 16:28:50 -0400
Processing by RootController#index as HTML
  Rendered root/index.html.erb within layouts/application (0.3ms)
  Rendered layouts/_header.html.erb (0.3ms)
  Rendered layouts/_footer.html.erb (0.4ms)
Completed 200 OK in 12ms (Views: 12.0ms | ActiveRecord: 0.0ms)


Started GET "/assets/application.css?body=1" for 127.0.0.1 at 2013-08-02 16:28:50 -0400
Served asset /application.css - 304 Not Modified (0ms)


Started GET "/assets/jquery.js?body=1" for 127.0.0.1 at 2013-08-02 16:28:50 -0400
Served asset /jquery.js - 304 Not Modified (0ms)


Started GET "/assets/posts.css?body=1" for 127.0.0.1 at 2013-08-02 16:28:50 -0400
Served asset /posts.css - 304 Not Modified (0ms)


Started GET "/assets/root.css?body=1" for 127.0.0.1 at 2013-08-02 16:28:50 -0400
Served asset /root.css - 304 Not Modified (0ms)


Started GET "/assets/comments.css?body=1" for 127.0.0.1 at 2013-08-02 16:28:50 -0400
Served asset /comments.css - 304 Not Modified (0ms)


Started GET "/assets/jquery_ujs.js?body=1" for 127.0.0.1 at 2013-08-02 16:28:50 -0400
Served asset /jquery_ujs.js - 304 Not Modified (0ms)


Started GET "/assets/comments.js?body=1" for 127.0.0.1 at 2013-08-02 16:28:50 -0400
Served asset /comments.js - 304 Not Modified (0ms)


Started GET "/assets/posts.js?body=1" for 127.0.0.1 at 2013-08-02 16:28:50 -0400
Served asset /posts.js - 304 Not Modified (0ms)


Started GET "/assets/root.js?body=1" for 127.0.0.1 at 2013-08-02 16:28:50 -0400
Served asset /root.js - 304 Not Modified (0ms)


Started GET "/assets/application.js?body=1" for 127.0.0.1 at 2013-08-02 16:28:50 -0400
Served asset /application.js - 304 Not Modified (0ms)


Started GET "/" for 127.0.0.1 at 2013-08-02 16:30:21 -0400
Processing by RootController#index as HTML
  Rendered root/index.html.erb within layouts/application (0.7ms)
  Rendered layouts/_header.html.erb (0.2ms)
  Rendered layouts/_footer.html.erb (0.0ms)
Completed 200 OK in 11ms (Views: 11.3ms | ActiveRecord: 0.0ms)


Started GET "/assets/application.css?body=1" for 127.0.0.1 at 2013-08-02 16:30:21 -0400
Served asset /application.css - 304 Not Modified (0ms)


Started GET "/assets/posts.css?body=1" for 127.0.0.1 at 2013-08-02 16:30:21 -0400
Served asset /posts.css - 304 Not Modified (0ms)


Started GET "/assets/comments.css?body=1" for 127.0.0.1 at 2013-08-02 16:30:21 -0400
Served asset /comments.css - 304 Not Modified (0ms)


Started GET "/assets/root.css?body=1" for 127.0.0.1 at 2013-08-02 16:30:21 -0400
Served asset /root.css - 304 Not Modified (0ms)


Started GET "/assets/jquery.js?body=1" for 127.0.0.1 at 2013-08-02 16:30:21 -0400
Served asset /jquery.js - 304 Not Modified (0ms)


Started GET "/assets/jquery_ujs.js?body=1" for 127.0.0.1 at 2013-08-02 16:30:21 -0400
Served asset /jquery_ujs.js - 304 Not Modified (0ms)


Started GET "/assets/comments.js?body=1" for 127.0.0.1 at 2013-08-02 16:30:21 -0400
Served asset /comments.js - 304 Not Modified (0ms)


Started GET "/assets/posts.js?body=1" for 127.0.0.1 at 2013-08-02 16:30:21 -0400
Served asset /posts.js - 304 Not Modified (0ms)


Started GET "/assets/root.js?body=1" for 127.0.0.1 at 2013-08-02 16:30:21 -0400
Served asset /root.js - 304 Not Modified (0ms)


Started GET "/assets/application.js?body=1" for 127.0.0.1 at 2013-08-02 16:30:21 -0400
Served asset /application.js - 304 Not Modified (0ms)


Started GET "/users/new" for 127.0.0.1 at 2013-08-02 16:30:23 -0400

ActionController::RoutingError (uninitialized constant UsersController):
  activesupport (3.2.13) lib/active_support/inflector/methods.rb:230:in `block in constantize'
  activesupport (3.2.13) lib/active_support/inflector/methods.rb:229:in `each'
  activesupport (3.2.13) lib/active_support/inflector/methods.rb:229:in `constantize'
  actionpack (3.2.13) lib/action_dispatch/routing/route_set.rb:69:in `controller_reference'
  actionpack (3.2.13) lib/action_dispatch/routing/route_set.rb:54:in `controller'
  actionpack (3.2.13) lib/action_dispatch/routing/route_set.rb:32:in `call'
  journey (1.0.4) lib/journey/router.rb:68:in `block in call'
  journey (1.0.4) lib/journey/router.rb:56:in `each'
  journey (1.0.4) lib/journey/router.rb:56:in `call'
  actionpack (3.2.13) lib/action_dispatch/routing/route_set.rb:612:in `call'
  actionpack (3.2.13) lib/action_dispatch/middleware/best_standards_support.rb:17:in `call'
  rack (1.4.5) lib/rack/etag.rb:23:in `call'
  rack (1.4.5) lib/rack/conditionalget.rb:25:in `call'
  actionpack (3.2.13) lib/action_dispatch/middleware/head.rb:14:in `call'
  actionpack (3.2.13) lib/action_dispatch/middleware/params_parser.rb:21:in `call'
  actionpack (3.2.13) lib/action_dispatch/middleware/flash.rb:242:in `call'
  rack (1.4.5) lib/rack/session/abstract/id.rb:210:in `context'
  rack (1.4.5) lib/rack/session/abstract/id.rb:205:in `call'
  actionpack (3.2.13) lib/action_dispatch/middleware/cookies.rb:341:in `call'
  activerecord (3.2.13) lib/active_record/query_cache.rb:64:in `call'
  activerecord (3.2.13) lib/active_record/connection_adapters/abstract/connection_pool.rb:479:in `call'
  actionpack (3.2.13) lib/action_dispatch/middleware/callbacks.rb:28:in `block in call'
  activesupport (3.2.13) lib/active_support/callbacks.rb:405:in `_run__2690398143581345630__call__4081965015501210567__callbacks'
  activesupport (3.2.13) lib/active_support/callbacks.rb:405:in `__run_callback'
  activesupport (3.2.13) lib/active_support/callbacks.rb:385:in `_run_call_callbacks'
  activesupport (3.2.13) lib/active_support/callbacks.rb:81:in `run_callbacks'
  actionpack (3.2.13) lib/action_dispatch/middleware/callbacks.rb:27:in `call'
  actionpack (3.2.13) lib/action_dispatch/middleware/reloader.rb:65:in `call'
  actionpack (3.2.13) lib/action_dispatch/middleware/remote_ip.rb:31:in `call'
  actionpack (3.2.13) lib/action_dispatch/middleware/debug_exceptions.rb:16:in `call'
  actionpack (3.2.13) lib/action_dispatch/middleware/show_exceptions.rb:56:in `call'
  railties (3.2.13) lib/rails/rack/logger.rb:32:in `call_app'
  railties (3.2.13) lib/rails/rack/logger.rb:16:in `block in call'
  activesupport (3.2.13) lib/active_support/tagged_logging.rb:22:in `tagged'
  railties (3.2.13) lib/rails/rack/logger.rb:16:in `call'
  actionpack (3.2.13) lib/action_dispatch/middleware/request_id.rb:22:in `call'
  rack (1.4.5) lib/rack/methodoverride.rb:21:in `call'
  rack (1.4.5) lib/rack/runtime.rb:17:in `call'
  activesupport (3.2.13) lib/active_support/cache/strategy/local_cache.rb:72:in `call'
  rack (1.4.5) lib/rack/lock.rb:15:in `call'
  actionpack (3.2.13) lib/action_dispatch/middleware/static.rb:63:in `call'
  railties (3.2.13) lib/rails/engine.rb:479:in `call'
  railties (3.2.13) lib/rails/application.rb:223:in `call'
  rack (1.4.5) lib/rack/content_length.rb:14:in `call'
  railties (3.2.13) lib/rails/rack/log_tailer.rb:17:in `call'
  rack (1.4.5) lib/rack/handler/webrick.rb:59:in `service'
  /Users/appacademy/.rvm/rubies/ruby-1.9.3-p392/lib/ruby/1.9.1/webrick/httpserver.rb:138:in `service'
  /Users/appacademy/.rvm/rubies/ruby-1.9.3-p392/lib/ruby/1.9.1/webrick/httpserver.rb:94:in `run'
  /Users/appacademy/.rvm/rubies/ruby-1.9.3-p392/lib/ruby/1.9.1/webrick/server.rb:191:in `block in start_thread'


  Rendered /Users/appacademy/.rvm/gems/ruby-1.9.3-p392/gems/actionpack-3.2.13/lib/action_dispatch/middleware/templates/rescues/routing_error.erb within rescues/layout (1.0ms)
Connecting to database specified by database.yml
